{
  "stats": {
    "suites": 4,
    "tests": 10,
    "passes": 10,
    "pending": 0,
    "failures": 0,
    "testsRegistered": 10,
    "passPercent": 100,
    "pendingPercent": 0,
    "other": 0,
    "hasOther": false,
    "skipped": 0,
    "hasSkipped": false,
    "start": "2025-12-13T15:27:18.426Z",
    "end": "2025-12-13T15:27:49.051Z",
    "duration": 30625
  },
  "results": [
    {
      "uuid": "a3f7ba9d-20aa-4f67-8b52-54af4e668405",
      "title": "",
      "fullFile": "cypress\\e2e\\cart.cy.js",
      "file": "cypress\\e2e\\cart.cy.js",
      "beforeHooks": [],
      "afterHooks": [],
      "tests": [],
      "suites": [
        {
          "uuid": "457a9617-4070-4795-9fff-b7313b5a468d",
          "title": "CART",
          "fullFile": "",
          "file": "",
          "beforeHooks": [],
          "afterHooks": [],
          "tests": [
            {
              "title": "TC-CART-001: To verify item is removed from cart after clicking cancel button",
              "fullTitle": "CART TC-CART-001: To verify item is removed from cart after clicking cancel button",
              "timedOut": null,
              "duration": 2224,
              "state": "passed",
              "speed": "fast",
              "pass": true,
              "fail": false,
              "pending": false,
              "context": null,
              "code": "addToCartData.clickAddToCartButton();\nutility.assertElementText('#remove-sauce-labs-backpack', 'Remove');\ncartData.clickCartIcon();\nutility.assertUrl('https://www.saucedemo.com/cart.html');\ncartData.clickCartRemoveButton();",
              "err": {},
              "uuid": "fffcfc28-4654-4dbf-890f-1552ce6427bb",
              "parentUUID": "457a9617-4070-4795-9fff-b7313b5a468d",
              "isHook": false,
              "skipped": false
            },
            {
              "title": "TC-CART-001: To verify user is directed to home page after clicking continue shopping button",
              "fullTitle": "CART TC-CART-001: To verify user is directed to home page after clicking continue shopping button",
              "timedOut": null,
              "duration": 1888,
              "state": "passed",
              "speed": "fast",
              "pass": true,
              "fail": false,
              "pending": false,
              "context": null,
              "code": "addToCartData.clickAddToCartButton();\nutility.assertElementText('#remove-sauce-labs-backpack', 'Remove');\ncartData.clickCartIcon();\nutility.assertUrl('https://www.saucedemo.com/cart.html');\ncartData.clickCartContinueButton();\nutility.assertUrl('https://www.saucedemo.com/inventory.html');",
              "err": {},
              "uuid": "bdf0e1b4-a70b-48d5-9a83-91929c19581b",
              "parentUUID": "457a9617-4070-4795-9fff-b7313b5a468d",
              "isHook": false,
              "skipped": false
            }
          ],
          "suites": [],
          "passes": [
            "fffcfc28-4654-4dbf-890f-1552ce6427bb",
            "bdf0e1b4-a70b-48d5-9a83-91929c19581b"
          ],
          "failures": [],
          "pending": [],
          "skipped": [],
          "duration": 4112,
          "root": false,
          "rootEmpty": false,
          "_timeout": 2000
        }
      ],
      "passes": [],
      "failures": [],
      "pending": [],
      "skipped": [],
      "duration": 0,
      "root": true,
      "rootEmpty": true,
      "_timeout": 2000
    },
    {
      "uuid": "a930e512-e0c3-4210-ab8a-9cc175aaf051",
      "title": "",
      "fullFile": "cypress\\e2e\\login.cy.js",
      "file": "cypress\\e2e\\login.cy.js",
      "beforeHooks": [],
      "afterHooks": [],
      "tests": [],
      "suites": [
        {
          "uuid": "5d1a284a-5468-4ae9-81dd-1504c866d6ac",
          "title": "LOGIN",
          "fullFile": "",
          "file": "",
          "beforeHooks": [],
          "afterHooks": [],
          "tests": [
            {
              "title": "TC-LOGIN-001: To verify user can login with valid credentials",
              "fullTitle": "LOGIN TC-LOGIN-001: To verify user can login with valid credentials",
              "timedOut": null,
              "duration": 1830,
              "state": "passed",
              "speed": "fast",
              "pass": true,
              "fail": false,
              "pending": false,
              "context": null,
              "code": "loginData.login();",
              "err": {},
              "uuid": "c564ec90-aa25-44b0-8858-5a3fb81ce473",
              "parentUUID": "5d1a284a-5468-4ae9-81dd-1504c866d6ac",
              "isHook": false,
              "skipped": false
            },
            {
              "title": "TC-LOGIN-002: To verify user can login with only username",
              "fullTitle": "LOGIN TC-LOGIN-002: To verify user can login with only username",
              "timedOut": null,
              "duration": 843,
              "state": "passed",
              "speed": "fast",
              "pass": true,
              "fail": false,
              "pending": false,
              "context": null,
              "code": "loginData.visit();\nloginData.typeLoginUsername();\nloginData.clickLoginButton();\nutility.assertErrorMessage('[data-test=\"error\"]', 'Epic sadface: Password is required');",
              "err": {},
              "uuid": "2aca5798-919b-46c6-88fc-3e99b771f14f",
              "parentUUID": "5d1a284a-5468-4ae9-81dd-1504c866d6ac",
              "isHook": false,
              "skipped": false
            },
            {
              "title": "TC-LOGIN-003: To verify user can login with only password",
              "fullTitle": "LOGIN TC-LOGIN-003: To verify user can login with only password",
              "timedOut": null,
              "duration": 956,
              "state": "passed",
              "speed": "fast",
              "pass": true,
              "fail": false,
              "pending": false,
              "context": null,
              "code": "loginData.visit();\nloginData.typeLoginPassword();\nloginData.clickLoginButton();\nutility.assertErrorMessage('[data-test=\"error\"]', 'Epic sadface: Username is required');",
              "err": {},
              "uuid": "252fae68-f135-41e2-949c-8b356afc8905",
              "parentUUID": "5d1a284a-5468-4ae9-81dd-1504c866d6ac",
              "isHook": false,
              "skipped": false
            },
            {
              "title": "TC-LOGIN-004: To verify user can login with empty fields",
              "fullTitle": "LOGIN TC-LOGIN-004: To verify user can login with empty fields",
              "timedOut": null,
              "duration": 309,
              "state": "passed",
              "speed": "fast",
              "pass": true,
              "fail": false,
              "pending": false,
              "context": null,
              "code": "loginData.visit();\nloginData.clickLoginButton();\nutility.assertErrorMessage('[data-test=\"error\"]', 'Epic sadface: Username is required');",
              "err": {},
              "uuid": "18e68e79-7f73-4f2c-b0bd-117d540fd1d2",
              "parentUUID": "5d1a284a-5468-4ae9-81dd-1504c866d6ac",
              "isHook": false,
              "skipped": false
            }
          ],
          "suites": [],
          "passes": [
            "c564ec90-aa25-44b0-8858-5a3fb81ce473",
            "2aca5798-919b-46c6-88fc-3e99b771f14f",
            "252fae68-f135-41e2-949c-8b356afc8905",
            "18e68e79-7f73-4f2c-b0bd-117d540fd1d2"
          ],
          "failures": [],
          "pending": [],
          "skipped": [],
          "duration": 3938,
          "root": false,
          "rootEmpty": false,
          "_timeout": 2000
        }
      ],
      "passes": [],
      "failures": [],
      "pending": [],
      "skipped": [],
      "duration": 0,
      "root": true,
      "rootEmpty": true,
      "_timeout": 2000
    },
    {
      "uuid": "e8d99129-65aa-4a5e-b3d2-66252617adfd",
      "title": "",
      "fullFile": "cypress\\e2e\\logout.cy.js",
      "file": "cypress\\e2e\\logout.cy.js",
      "beforeHooks": [],
      "afterHooks": [],
      "tests": [],
      "suites": [
        {
          "uuid": "025bbc78-e559-4a77-9558-5fc451216849",
          "title": "Logout",
          "fullFile": "",
          "file": "",
          "beforeHooks": [],
          "afterHooks": [],
          "tests": [
            {
              "title": "TC-LOGOUT-001: To verify user can logout",
              "fullTitle": "Logout TC-LOGOUT-001: To verify user can logout",
              "timedOut": null,
              "duration": 2640,
              "state": "passed",
              "speed": "fast",
              "pass": true,
              "fail": false,
              "pending": false,
              "context": null,
              "code": "logoutData.logout();\nutility.assertUrl('https://www.saucedemo.com/');",
              "err": {},
              "uuid": "2fc48246-00fc-4e84-8f9d-2338427767de",
              "parentUUID": "025bbc78-e559-4a77-9558-5fc451216849",
              "isHook": false,
              "skipped": false
            }
          ],
          "suites": [],
          "passes": [
            "2fc48246-00fc-4e84-8f9d-2338427767de"
          ],
          "failures": [],
          "pending": [],
          "skipped": [],
          "duration": 2640,
          "root": false,
          "rootEmpty": false,
          "_timeout": 2000
        }
      ],
      "passes": [],
      "failures": [],
      "pending": [],
      "skipped": [],
      "duration": 0,
      "root": true,
      "rootEmpty": true,
      "_timeout": 2000
    },
    {
      "uuid": "59f3bf62-d3c1-44e7-9cfe-81e99d2b3eb8",
      "title": "",
      "fullFile": "cypress\\e2e\\addToCart.cy.js",
      "file": "cypress\\e2e\\addToCart.cy.js",
      "beforeHooks": [],
      "afterHooks": [],
      "tests": [],
      "suites": [
        {
          "uuid": "97b71d86-c636-4244-8a8d-308aa419a38a",
          "title": "ADD_TO_CART",
          "fullFile": "",
          "file": "",
          "beforeHooks": [],
          "afterHooks": [],
          "tests": [
            {
              "title": "TC-ADDTOCART-001: To verify add to cart button is working",
              "fullTitle": "ADD_TO_CART TC-ADDTOCART-001: To verify add to cart button is working",
              "timedOut": null,
              "duration": 4083,
              "state": "passed",
              "speed": "fast",
              "pass": true,
              "fail": false,
              "pending": false,
              "context": null,
              "code": "addToCartData.clickAddToCartButton();\nutility.assertElementText('#remove-sauce-labs-backpack', 'Remove');",
              "err": {},
              "uuid": "a1cc7959-08ae-4fbf-9051-5d26c94fc86c",
              "parentUUID": "97b71d86-c636-4244-8a8d-308aa419a38a",
              "isHook": false,
              "skipped": false
            },
            {
              "title": "TC-ADDTOCART-001: To verify cart icon is updated after item is added to cart",
              "fullTitle": "ADD_TO_CART TC-ADDTOCART-001: To verify cart icon is updated after item is added to cart",
              "timedOut": null,
              "duration": 2946,
              "state": "passed",
              "speed": "fast",
              "pass": true,
              "fail": false,
              "pending": false,
              "context": null,
              "code": "addToCartData.updateCart();",
              "err": {},
              "uuid": "847735a0-0b07-4db5-8b90-e5ec29eebff7",
              "parentUUID": "97b71d86-c636-4244-8a8d-308aa419a38a",
              "isHook": false,
              "skipped": false
            },
            {
              "title": "TC-ADDTOCART-001: To verify user can add product from product page",
              "fullTitle": "ADD_TO_CART TC-ADDTOCART-001: To verify user can add product from product page",
              "timedOut": null,
              "duration": 2182,
              "state": "passed",
              "speed": "fast",
              "pass": true,
              "fail": false,
              "pending": false,
              "context": null,
              "code": "addToCartData.addToCartProductPage();",
              "err": {},
              "uuid": "5e9bf038-4b45-4020-9d70-54641a729ddd",
              "parentUUID": "97b71d86-c636-4244-8a8d-308aa419a38a",
              "isHook": false,
              "skipped": false
            }
          ],
          "suites": [],
          "passes": [
            "a1cc7959-08ae-4fbf-9051-5d26c94fc86c",
            "847735a0-0b07-4db5-8b90-e5ec29eebff7",
            "5e9bf038-4b45-4020-9d70-54641a729ddd"
          ],
          "failures": [],
          "pending": [],
          "skipped": [],
          "duration": 9211,
          "root": false,
          "rootEmpty": false,
          "_timeout": 2000
        }
      ],
      "passes": [],
      "failures": [],
      "pending": [],
      "skipped": [],
      "duration": 0,
      "root": true,
      "rootEmpty": true,
      "_timeout": 2000
    }
  ],
  "meta": {
    "mocha": {
      "version": "7.2.0"
    },
    "mochawesome": {
      "options": {
        "quiet": false,
        "reportFilename": "mochawesome",
        "saveHtml": false,
        "saveJson": true,
        "consoleReporter": "spec",
        "useInlineDiffs": false,
        "code": true
      },
      "version": "7.1.4"
    },
    "marge": {
      "options": {
        "reportDir": "cypress/reports/mochawesome-report",
        "overwrite": false,
        "html": false,
        "json": true
      },
      "version": "6.3.2"
    }
  }
}