{
  "stats": {
    "suites": 1,
    "tests": 4,
    "passes": 4,
    "pending": 0,
    "failures": 0,
    "start": "2026-01-22T09:33:34.427Z",
    "end": "2026-01-22T09:33:39.472Z",
    "duration": 5045,
    "testsRegistered": 4,
    "passPercent": 100,
    "pendingPercent": 0,
    "other": 0,
    "hasOther": false,
    "skipped": 0,
    "hasSkipped": false
  },
  "results": [
    {
      "uuid": "face7c3b-da58-4350-b8fe-7c7d948b6c05",
      "title": "",
      "fullFile": "cypress\\e2e\\login.cy.js",
      "file": "cypress\\e2e\\login.cy.js",
      "beforeHooks": [],
      "afterHooks": [],
      "tests": [],
      "suites": [
        {
          "uuid": "ea83b57d-2d5f-4c49-bfe6-5868e357de67",
          "title": "LOGIN",
          "fullFile": "",
          "file": "",
          "beforeHooks": [],
          "afterHooks": [],
          "tests": [
            {
              "title": "TC-LOGIN-001: To verify user can login with valid credentials",
              "fullTitle": "LOGIN TC-LOGIN-001: To verify user can login with valid credentials",
              "timedOut": null,
              "duration": 2569,
              "state": "passed",
              "speed": "fast",
              "pass": true,
              "fail": false,
              "pending": false,
              "context": null,
              "code": "loginData.login();",
              "err": {},
              "uuid": "42ac996d-8792-4cba-9dd8-90ce3374b65d",
              "parentUUID": "ea83b57d-2d5f-4c49-bfe6-5868e357de67",
              "isHook": false,
              "skipped": false
            },
            {
              "title": "TC-LOGIN-002: To verify user can login with only username",
              "fullTitle": "LOGIN TC-LOGIN-002: To verify user can login with only username",
              "timedOut": null,
              "duration": 768,
              "state": "passed",
              "speed": "fast",
              "pass": true,
              "fail": false,
              "pending": false,
              "context": null,
              "code": "loginData.visit();\nloginData.typeLoginUsername();\nloginData.clickLoginButton();\nutility.assertErrorMessage('[data-test=\"error\"]', 'Epic sadface: Password is required');",
              "err": {},
              "uuid": "bc120b0a-0b97-49a7-8522-af66fa4d501a",
              "parentUUID": "ea83b57d-2d5f-4c49-bfe6-5868e357de67",
              "isHook": false,
              "skipped": false
            },
            {
              "title": "TC-LOGIN-003: To verify user can login with only password",
              "fullTitle": "LOGIN TC-LOGIN-003: To verify user can login with only password",
              "timedOut": null,
              "duration": 948,
              "state": "passed",
              "speed": "fast",
              "pass": true,
              "fail": false,
              "pending": false,
              "context": null,
              "code": "loginData.visit();\nloginData.typeLoginPassword();\nloginData.clickLoginButton();\nutility.assertErrorMessage('[data-test=\"error\"]', 'Epic sadface: Username is required');",
              "err": {},
              "uuid": "5b2f637d-a49f-46cb-889f-3f6f274a7771",
              "parentUUID": "ea83b57d-2d5f-4c49-bfe6-5868e357de67",
              "isHook": false,
              "skipped": false
            },
            {
              "title": "TC-LOGIN-004: To verify user can login with empty fields",
              "fullTitle": "LOGIN TC-LOGIN-004: To verify user can login with empty fields",
              "timedOut": null,
              "duration": 317,
              "state": "passed",
              "speed": "fast",
              "pass": true,
              "fail": false,
              "pending": false,
              "context": null,
              "code": "loginData.visit();\nloginData.clickLoginButton();\nutility.assertErrorMessage('[data-test=\"error\"]', 'Epic sadface: Username is required');",
              "err": {},
              "uuid": "564773ca-3166-4890-bfe7-9c10735666bc",
              "parentUUID": "ea83b57d-2d5f-4c49-bfe6-5868e357de67",
              "isHook": false,
              "skipped": false
            }
          ],
          "suites": [],
          "passes": [
            "42ac996d-8792-4cba-9dd8-90ce3374b65d",
            "bc120b0a-0b97-49a7-8522-af66fa4d501a",
            "5b2f637d-a49f-46cb-889f-3f6f274a7771",
            "564773ca-3166-4890-bfe7-9c10735666bc"
          ],
          "failures": [],
          "pending": [],
          "skipped": [],
          "duration": 4602,
          "root": false,
          "rootEmpty": false,
          "_timeout": 2000
        }
      ],
      "passes": [],
      "failures": [],
      "pending": [],
      "skipped": [],
      "duration": 0,
      "root": true,
      "rootEmpty": true,
      "_timeout": 2000
    }
  ],
  "meta": {
    "mocha": {
      "version": "7.2.0"
    },
    "mochawesome": {
      "options": {
        "quiet": false,
        "reportFilename": "mochawesome",
        "saveHtml": false,
        "saveJson": true,
        "consoleReporter": "spec",
        "useInlineDiffs": false,
        "code": true
      },
      "version": "7.1.4"
    },
    "marge": {
      "options": {
        "reportDir": "cypress/reports/mochawesome-report",
        "overwrite": false,
        "html": false,
        "json": true
      },
      "version": "6.3.2"
    }
  }
}