{
  "stats": {
    "suites": 1,
    "tests": 4,
    "passes": 0,
    "pending": 0,
    "failures": 4,
    "start": "2025-12-15T05:38:16.584Z",
    "end": "2025-12-15T05:38:20.959Z",
    "duration": 4375,
    "testsRegistered": 4,
    "passPercent": 0,
    "pendingPercent": 0,
    "other": 0,
    "hasOther": false,
    "skipped": 0,
    "hasSkipped": false
  },
  "results": [
    {
      "uuid": "eec74c2b-23f3-43c9-b20d-8a339d47b54f",
      "title": "",
      "fullFile": "cypress\\e2e\\apiTest.cy.js",
      "file": "cypress\\e2e\\apiTest.cy.js",
      "beforeHooks": [],
      "afterHooks": [],
      "tests": [],
      "suites": [
        {
          "uuid": "6fe5c87b-df02-43ef-8aa8-a7bd44ff5aed",
          "title": "GoRest API Testing using Cypress",
          "fullFile": "",
          "file": "",
          "beforeHooks": [],
          "afterHooks": [],
          "tests": [
            {
              "title": "Create user",
              "fullTitle": "GoRest API Testing using Cypress Create user",
              "timedOut": null,
              "duration": 1368,
              "state": "failed",
              "speed": null,
              "pass": false,
              "fail": true,
              "pending": false,
              "context": null,
              "code": "_apiData.default.createUser(userData).then(res => {\n  expect(res.status).to.eq(201);\n  expect(res.body.email).to.eq(userData.email);\n  userId = res.body.id;\n});",
              "err": {
                "message": "CypressError: `cy.request()` failed trying to load:\n\nhttps://api.saucedemo.com/\n\nWe attempted to make an http request to this URL but the request failed without a response.\n\nWe received this error at the network level:\n\n  > Error: getaddrinfo ENOTFOUND api.saucedemo.com\n\n-----------------------------------------------------------\n\nThe request we sent was:\n\nMethod: POST\nURL: https://api.saucedemo.com/\n\n-----------------------------------------------------------\n\nCommon situations why this would fail:\n  - you don't have internet access\n  - you forgot to run / boot your web server\n  - your web server isn't accessible\n  - you have weird network configuration settings on your computer\n\nhttps://on.cypress.io/request",
                "estack": "CypressError: `cy.request()` failed trying to load:\n\nhttps://api.saucedemo.com/\n\nWe attempted to make an http request to this URL but the request failed without a response.\n\nWe received this error at the network level:\n\n  > Error: getaddrinfo ENOTFOUND api.saucedemo.com\n\n-----------------------------------------------------------\n\nThe request we sent was:\n\nMethod: POST\nURL: https://api.saucedemo.com/\n\n-----------------------------------------------------------\n\nCommon situations why this would fail:\n  - you don't have internet access\n  - you forgot to run / boot your web server\n  - your web server isn't accessible\n  - you have weird network configuration settings on your computer\n\nhttps://on.cypress.io/request\n    at <unknown> (https://www.saucedemo.com/__cypress/runner/cypress_runner.js:135944:70)\n    at tryCatcher (https://www.saucedemo.com/__cypress/runner/cypress_runner.js:1777:23)\n    at <unknown> (https://www.saucedemo.com/__cypress/runner/cypress_runner.js:4173:37)\n    at tryCatcher (https://www.saucedemo.com/__cypress/runner/cypress_runner.js:1777:23)\n    at Promise._settlePromiseFromHandler (https://www.saucedemo.com/__cypress/runner/cypress_runner.js:1489:31)\n    at Promise._settlePromise (https://www.saucedemo.com/__cypress/runner/cypress_runner.js:1546:18)\n    at Promise._settlePromise0 (https://www.saucedemo.com/__cypress/runner/cypress_runner.js:1591:10)\n    at Promise._settlePromises (https://www.saucedemo.com/__cypress/runner/cypress_runner.js:1667:18)\n    at _drainQueueStep (https://www.saucedemo.com/__cypress/runner/cypress_runner.js:2377:12)\n    at _drainQueue (https://www.saucedemo.com/__cypress/runner/cypress_runner.js:2370:9)\n    at Async._drainQueues (https://www.saucedemo.com/__cypress/runner/cypress_runner.js:2386:5)\n    at Async.drainQueues (https://www.saucedemo.com/__cypress/runner/cypress_runner.js:2256:14)\nFrom Your Spec Code:\n    at ApiTest.createUser (webpack://saucedemo_automation/./cypress/pages/apiData.js:21:14)\n    at Context.eval (webpack://saucedemo_automation/./cypress/e2e/apiTest.cy.js:18:12)\n\nFrom Node.js Internals:\n  RequestError: Error: getaddrinfo ENOTFOUND api.saucedemo.com\n      at new r (<embedded>:251:403773)\n      at ee.callback (<embedded>:251:409774)\n      at e.callback.s.callback [as _callback] (<embedded>:251:409220)\n      at s._callback.s.callback.s.callback (<embedded>:314:107368)\n      at ee.emit (node:events:519:28)\n      at ee.onRequestError (<embedded>:314:116310)\n      at ClientRequest.emit (node:events:531:35)\n      at emitErrorEvent (node:_http_client:105:11)\n      at TLSSocket.socketErrorListener (node:_http_client:518:5)\n      at TLSSocket.emit (node:events:519:28)\n      at emitErrorNT (node:internal/streams/destroy:170:8)\n      at emitErrorCloseNT (node:internal/streams/destroy:129:3)\n      at process.processTicksAndRejections (node:internal/process/task_queues:90:21)",
                "diff": null
              },
              "uuid": "951965ed-4795-40f5-80e1-33558c872fe3",
              "parentUUID": "6fe5c87b-df02-43ef-8aa8-a7bd44ff5aed",
              "isHook": false,
              "skipped": false
            },
            {
              "title": "Get users list",
              "fullTitle": "GoRest API Testing using Cypress Get users list",
              "timedOut": null,
              "duration": 996,
              "state": "failed",
              "speed": null,
              "pass": false,
              "fail": true,
              "pending": false,
              "context": null,
              "code": "_apiData.default.getUsers().then(res => {\n  expect(res.status).to.eq(200);\n  expect(res.body).to.be.an('array');\n});",
              "err": {
                "message": "CypressError: `cy.request()` failed trying to load:\n\nhttps://api.saucedemo.com/\n\nWe attempted to make an http request to this URL but the request failed without a response.\n\nWe received this error at the network level:\n\n  > Error: getaddrinfo ENOTFOUND api.saucedemo.com\n\n-----------------------------------------------------------\n\nThe request we sent was:\n\nMethod: GET\nURL: https://api.saucedemo.com/\n\n-----------------------------------------------------------\n\nCommon situations why this would fail:\n  - you don't have internet access\n  - you forgot to run / boot your web server\n  - your web server isn't accessible\n  - you have weird network configuration settings on your computer\n\nhttps://on.cypress.io/request",
                "estack": "CypressError: `cy.request()` failed trying to load:\n\nhttps://api.saucedemo.com/\n\nWe attempted to make an http request to this URL but the request failed without a response.\n\nWe received this error at the network level:\n\n  > Error: getaddrinfo ENOTFOUND api.saucedemo.com\n\n-----------------------------------------------------------\n\nThe request we sent was:\n\nMethod: GET\nURL: https://api.saucedemo.com/\n\n-----------------------------------------------------------\n\nCommon situations why this would fail:\n  - you don't have internet access\n  - you forgot to run / boot your web server\n  - your web server isn't accessible\n  - you have weird network configuration settings on your computer\n\nhttps://on.cypress.io/request\n    at <unknown> (https://www.saucedemo.com/__cypress/runner/cypress_runner.js:135944:70)\n    at tryCatcher (https://www.saucedemo.com/__cypress/runner/cypress_runner.js:1777:23)\n    at <unknown> (https://www.saucedemo.com/__cypress/runner/cypress_runner.js:4173:37)\n    at tryCatcher (https://www.saucedemo.com/__cypress/runner/cypress_runner.js:1777:23)\n    at Promise._settlePromiseFromHandler (https://www.saucedemo.com/__cypress/runner/cypress_runner.js:1489:31)\n    at Promise._settlePromise (https://www.saucedemo.com/__cypress/runner/cypress_runner.js:1546:18)\n    at Promise._settlePromise0 (https://www.saucedemo.com/__cypress/runner/cypress_runner.js:1591:10)\n    at Promise._settlePromises (https://www.saucedemo.com/__cypress/runner/cypress_runner.js:1667:18)\n    at _drainQueueStep (https://www.saucedemo.com/__cypress/runner/cypress_runner.js:2377:12)\n    at _drainQueue (https://www.saucedemo.com/__cypress/runner/cypress_runner.js:2370:9)\n    at Async._drainQueues (https://www.saucedemo.com/__cypress/runner/cypress_runner.js:2386:5)\n    at Async.drainQueues (https://www.saucedemo.com/__cypress/runner/cypress_runner.js:2256:14)\nFrom Your Spec Code:\n    at ApiTest.getUsers (webpack://saucedemo_automation/./cypress/pages/apiData.js:30:14)\n    at Context.eval (webpack://saucedemo_automation/./cypress/e2e/apiTest.cy.js:26:12)\n\nFrom Node.js Internals:\n  RequestError: Error: getaddrinfo ENOTFOUND api.saucedemo.com\n      at new r (<embedded>:251:403773)\n      at ee.callback (<embedded>:251:409774)\n      at e.callback.s.callback [as _callback] (<embedded>:251:409220)\n      at s._callback.s.callback.s.callback (<embedded>:314:107368)\n      at ee.emit (node:events:519:28)\n      at ee.onRequestError (<embedded>:314:116310)\n      at ClientRequest.emit (node:events:531:35)\n      at emitErrorEvent (node:_http_client:105:11)\n      at TLSSocket.socketErrorListener (node:_http_client:518:5)\n      at TLSSocket.emit (node:events:519:28)\n      at emitErrorNT (node:internal/streams/destroy:170:8)\n      at emitErrorCloseNT (node:internal/streams/destroy:129:3)\n      at process.processTicksAndRejections (node:internal/process/task_queues:90:21)",
                "diff": null
              },
              "uuid": "0240f3f4-088f-4733-a0f9-0677529c4e37",
              "parentUUID": "6fe5c87b-df02-43ef-8aa8-a7bd44ff5aed",
              "isHook": false,
              "skipped": false
            },
            {
              "title": "Update user",
              "fullTitle": "GoRest API Testing using Cypress Update user",
              "timedOut": null,
              "duration": 821,
              "state": "failed",
              "speed": null,
              "pass": false,
              "fail": true,
              "pending": false,
              "context": null,
              "code": "_apiData.default.updateUser(userId, {\n  name: 'Updated Automation User'\n}).then(res => {\n  expect(res.status).to.eq(200);\n  expect(res.body.name).to.eq('Updated Automation User');\n});",
              "err": {
                "message": "CypressError: `cy.request()` failed trying to load:\n\nhttps://api.saucedemo.com//undefined\n\nWe attempted to make an http request to this URL but the request failed without a response.\n\nWe received this error at the network level:\n\n  > Error: getaddrinfo ENOTFOUND api.saucedemo.com\n\n-----------------------------------------------------------\n\nThe request we sent was:\n\nMethod: PUT\nURL: https://api.saucedemo.com//undefined\n\n-----------------------------------------------------------\n\nCommon situations why this would fail:\n  - you don't have internet access\n  - you forgot to run / boot your web server\n  - your web server isn't accessible\n  - you have weird network configuration settings on your computer\n\nhttps://on.cypress.io/request",
                "estack": "CypressError: `cy.request()` failed trying to load:\n\nhttps://api.saucedemo.com//undefined\n\nWe attempted to make an http request to this URL but the request failed without a response.\n\nWe received this error at the network level:\n\n  > Error: getaddrinfo ENOTFOUND api.saucedemo.com\n\n-----------------------------------------------------------\n\nThe request we sent was:\n\nMethod: PUT\nURL: https://api.saucedemo.com//undefined\n\n-----------------------------------------------------------\n\nCommon situations why this would fail:\n  - you don't have internet access\n  - you forgot to run / boot your web server\n  - your web server isn't accessible\n  - you have weird network configuration settings on your computer\n\nhttps://on.cypress.io/request\n    at <unknown> (https://www.saucedemo.com/__cypress/runner/cypress_runner.js:135944:70)\n    at tryCatcher (https://www.saucedemo.com/__cypress/runner/cypress_runner.js:1777:23)\n    at <unknown> (https://www.saucedemo.com/__cypress/runner/cypress_runner.js:4173:37)\n    at tryCatcher (https://www.saucedemo.com/__cypress/runner/cypress_runner.js:1777:23)\n    at Promise._settlePromiseFromHandler (https://www.saucedemo.com/__cypress/runner/cypress_runner.js:1489:31)\n    at Promise._settlePromise (https://www.saucedemo.com/__cypress/runner/cypress_runner.js:1546:18)\n    at Promise._settlePromise0 (https://www.saucedemo.com/__cypress/runner/cypress_runner.js:1591:10)\n    at Promise._settlePromises (https://www.saucedemo.com/__cypress/runner/cypress_runner.js:1667:18)\n    at _drainQueueStep (https://www.saucedemo.com/__cypress/runner/cypress_runner.js:2377:12)\n    at _drainQueue (https://www.saucedemo.com/__cypress/runner/cypress_runner.js:2370:9)\n    at Async._drainQueues (https://www.saucedemo.com/__cypress/runner/cypress_runner.js:2386:5)\n    at Async.drainQueues (https://www.saucedemo.com/__cypress/runner/cypress_runner.js:2256:14)\nFrom Your Spec Code:\n    at ApiTest.updateUser (webpack://saucedemo_automation/./cypress/pages/apiData.js:38:14)\n    at Context.eval (webpack://saucedemo_automation/./cypress/e2e/apiTest.cy.js:33:12)\n\nFrom Node.js Internals:\n  RequestError: Error: getaddrinfo ENOTFOUND api.saucedemo.com\n      at new r (<embedded>:251:403773)\n      at ee.callback (<embedded>:251:409774)\n      at e.callback.s.callback [as _callback] (<embedded>:251:409220)\n      at s._callback.s.callback.s.callback (<embedded>:314:107368)\n      at ee.emit (node:events:519:28)\n      at ee.onRequestError (<embedded>:314:116310)\n      at ClientRequest.emit (node:events:531:35)\n      at emitErrorEvent (node:_http_client:105:11)\n      at TLSSocket.socketErrorListener (node:_http_client:518:5)\n      at TLSSocket.emit (node:events:519:28)\n      at emitErrorNT (node:internal/streams/destroy:170:8)\n      at emitErrorCloseNT (node:internal/streams/destroy:129:3)\n      at process.processTicksAndRejections (node:internal/process/task_queues:90:21)",
                "diff": null
              },
              "uuid": "5ccbc2ad-cbd3-4b55-a2c8-30c22f768928",
              "parentUUID": "6fe5c87b-df02-43ef-8aa8-a7bd44ff5aed",
              "isHook": false,
              "skipped": false
            },
            {
              "title": "Delete user",
              "fullTitle": "GoRest API Testing using Cypress Delete user",
              "timedOut": null,
              "duration": 875,
              "state": "failed",
              "speed": null,
              "pass": false,
              "fail": true,
              "pending": false,
              "context": null,
              "code": "_apiData.default.deleteUser(userId).then(res => {\n  expect(res.status).to.eq(204);\n});",
              "err": {
                "message": "CypressError: `cy.request()` failed trying to load:\n\nhttps://api.saucedemo.com//undefined\n\nWe attempted to make an http request to this URL but the request failed without a response.\n\nWe received this error at the network level:\n\n  > Error: getaddrinfo ENOTFOUND api.saucedemo.com\n\n-----------------------------------------------------------\n\nThe request we sent was:\n\nMethod: DELETE\nURL: https://api.saucedemo.com//undefined\n\n-----------------------------------------------------------\n\nCommon situations why this would fail:\n  - you don't have internet access\n  - you forgot to run / boot your web server\n  - your web server isn't accessible\n  - you have weird network configuration settings on your computer\n\nhttps://on.cypress.io/request",
                "estack": "CypressError: `cy.request()` failed trying to load:\n\nhttps://api.saucedemo.com//undefined\n\nWe attempted to make an http request to this URL but the request failed without a response.\n\nWe received this error at the network level:\n\n  > Error: getaddrinfo ENOTFOUND api.saucedemo.com\n\n-----------------------------------------------------------\n\nThe request we sent was:\n\nMethod: DELETE\nURL: https://api.saucedemo.com//undefined\n\n-----------------------------------------------------------\n\nCommon situations why this would fail:\n  - you don't have internet access\n  - you forgot to run / boot your web server\n  - your web server isn't accessible\n  - you have weird network configuration settings on your computer\n\nhttps://on.cypress.io/request\n    at <unknown> (https://www.saucedemo.com/__cypress/runner/cypress_runner.js:135944:70)\n    at tryCatcher (https://www.saucedemo.com/__cypress/runner/cypress_runner.js:1777:23)\n    at <unknown> (https://www.saucedemo.com/__cypress/runner/cypress_runner.js:4173:37)\n    at tryCatcher (https://www.saucedemo.com/__cypress/runner/cypress_runner.js:1777:23)\n    at Promise._settlePromiseFromHandler (https://www.saucedemo.com/__cypress/runner/cypress_runner.js:1489:31)\n    at Promise._settlePromise (https://www.saucedemo.com/__cypress/runner/cypress_runner.js:1546:18)\n    at Promise._settlePromise0 (https://www.saucedemo.com/__cypress/runner/cypress_runner.js:1591:10)\n    at Promise._settlePromises (https://www.saucedemo.com/__cypress/runner/cypress_runner.js:1667:18)\n    at _drainQueueStep (https://www.saucedemo.com/__cypress/runner/cypress_runner.js:2377:12)\n    at _drainQueue (https://www.saucedemo.com/__cypress/runner/cypress_runner.js:2370:9)\n    at Async._drainQueues (https://www.saucedemo.com/__cypress/runner/cypress_runner.js:2386:5)\n    at Async.drainQueues (https://www.saucedemo.com/__cypress/runner/cypress_runner.js:2256:14)\nFrom Your Spec Code:\n    at ApiTest.deleteUser (webpack://saucedemo_automation/./cypress/pages/apiData.js:47:14)\n    at Context.eval (webpack://saucedemo_automation/./cypress/e2e/apiTest.cy.js:42:12)\n\nFrom Node.js Internals:\n  RequestError: Error: getaddrinfo ENOTFOUND api.saucedemo.com\n      at new r (<embedded>:251:403773)\n      at ee.callback (<embedded>:251:409774)\n      at e.callback.s.callback [as _callback] (<embedded>:251:409220)\n      at s._callback.s.callback.s.callback (<embedded>:314:107368)\n      at ee.emit (node:events:519:28)\n      at ee.onRequestError (<embedded>:314:116310)\n      at ClientRequest.emit (node:events:531:35)\n      at emitErrorEvent (node:_http_client:105:11)\n      at TLSSocket.socketErrorListener (node:_http_client:518:5)\n      at TLSSocket.emit (node:events:519:28)\n      at emitErrorNT (node:internal/streams/destroy:170:8)\n      at emitErrorCloseNT (node:internal/streams/destroy:129:3)\n      at process.processTicksAndRejections (node:internal/process/task_queues:90:21)",
                "diff": null
              },
              "uuid": "77a5009c-16e5-4c27-af06-c7771b577fd0",
              "parentUUID": "6fe5c87b-df02-43ef-8aa8-a7bd44ff5aed",
              "isHook": false,
              "skipped": false
            }
          ],
          "suites": [],
          "passes": [],
          "failures": [
            "951965ed-4795-40f5-80e1-33558c872fe3",
            "0240f3f4-088f-4733-a0f9-0677529c4e37",
            "5ccbc2ad-cbd3-4b55-a2c8-30c22f768928",
            "77a5009c-16e5-4c27-af06-c7771b577fd0"
          ],
          "pending": [],
          "skipped": [],
          "duration": 4060,
          "root": false,
          "rootEmpty": false,
          "_timeout": 2000
        }
      ],
      "passes": [],
      "failures": [],
      "pending": [],
      "skipped": [],
      "duration": 0,
      "root": true,
      "rootEmpty": true,
      "_timeout": 2000
    }
  ],
  "meta": {
    "mocha": {
      "version": "7.2.0"
    },
    "mochawesome": {
      "options": {
        "quiet": false,
        "reportFilename": "mochawesome",
        "saveHtml": false,
        "saveJson": true,
        "consoleReporter": "spec",
        "useInlineDiffs": false,
        "code": true
      },
      "version": "7.1.4"
    },
    "marge": {
      "options": {
        "reportDir": "cypress/reports/mochawesome-report",
        "overwrite": false,
        "html": false,
        "json": true
      },
      "version": "6.3.2"
    }
  }
}