{
  "stats": {
    "suites": 1,
    "tests": 2,
    "passes": 2,
    "pending": 0,
    "failures": 0,
    "start": "2026-01-22T09:33:10.202Z",
    "end": "2026-01-22T09:33:14.457Z",
    "duration": 4255,
    "testsRegistered": 2,
    "passPercent": 100,
    "pendingPercent": 0,
    "other": 0,
    "hasOther": false,
    "skipped": 0,
    "hasSkipped": false
  },
  "results": [
    {
      "uuid": "416bbdbc-4be2-4ce5-9708-e740064807a3",
      "title": "",
      "fullFile": "cypress\\e2e\\cart.cy.js",
      "file": "cypress\\e2e\\cart.cy.js",
      "beforeHooks": [],
      "afterHooks": [],
      "tests": [],
      "suites": [
        {
          "uuid": "4e23d435-c61e-4ffe-ac33-1c9d0812a02e",
          "title": "CART",
          "fullFile": "",
          "file": "",
          "beforeHooks": [],
          "afterHooks": [],
          "tests": [
            {
              "title": "TC-CART-001: To verify item is removed from cart after clicking cancel button",
              "fullTitle": "CART TC-CART-001: To verify item is removed from cart after clicking cancel button",
              "timedOut": null,
              "duration": 2241,
              "state": "passed",
              "speed": "fast",
              "pass": true,
              "fail": false,
              "pending": false,
              "context": null,
              "code": "addToCartData.clickAddToCartButton();\nutility.assertElementText('#remove-sauce-labs-backpack', 'Remove');\ncartData.clickCartIcon();\nutility.assertUrl('https://www.saucedemo.com/cart.html');\ncartData.clickCartRemoveButton();",
              "err": {},
              "uuid": "8ebd7fbf-090e-4184-8968-4edb21f1dd84",
              "parentUUID": "4e23d435-c61e-4ffe-ac33-1c9d0812a02e",
              "isHook": false,
              "skipped": false
            },
            {
              "title": "TC-CART-001: To verify user is directed to home page after clicking continue shopping button",
              "fullTitle": "CART TC-CART-001: To verify user is directed to home page after clicking continue shopping button",
              "timedOut": null,
              "duration": 1771,
              "state": "passed",
              "speed": "fast",
              "pass": true,
              "fail": false,
              "pending": false,
              "context": null,
              "code": "addToCartData.clickAddToCartButton();\nutility.assertElementText('#remove-sauce-labs-backpack', 'Remove');\ncartData.clickCartIcon();\nutility.assertUrl('https://www.saucedemo.com/cart.html');\ncartData.clickCartContinueButton();\nutility.assertUrl('https://www.saucedemo.com/inventory.html');",
              "err": {},
              "uuid": "4f3a3937-4ca5-40ce-8c69-34c8a6798303",
              "parentUUID": "4e23d435-c61e-4ffe-ac33-1c9d0812a02e",
              "isHook": false,
              "skipped": false
            }
          ],
          "suites": [],
          "passes": [
            "8ebd7fbf-090e-4184-8968-4edb21f1dd84",
            "4f3a3937-4ca5-40ce-8c69-34c8a6798303"
          ],
          "failures": [],
          "pending": [],
          "skipped": [],
          "duration": 4012,
          "root": false,
          "rootEmpty": false,
          "_timeout": 2000
        }
      ],
      "passes": [],
      "failures": [],
      "pending": [],
      "skipped": [],
      "duration": 0,
      "root": true,
      "rootEmpty": true,
      "_timeout": 2000
    }
  ],
  "meta": {
    "mocha": {
      "version": "7.2.0"
    },
    "mochawesome": {
      "options": {
        "quiet": false,
        "reportFilename": "mochawesome",
        "saveHtml": false,
        "saveJson": true,
        "consoleReporter": "spec",
        "useInlineDiffs": false,
        "code": true
      },
      "version": "7.1.4"
    },
    "marge": {
      "options": {
        "reportDir": "cypress/reports/mochawesome-report",
        "overwrite": false,
        "html": false,
        "json": true
      },
      "version": "6.3.2"
    }
  }
}