{
  "stats": {
    "suites": 1,
    "tests": 1,
    "passes": 1,
    "pending": 0,
    "failures": 0,
    "start": "2025-12-15T04:29:01.563Z",
    "end": "2025-12-15T04:29:03.687Z",
    "duration": 2124,
    "testsRegistered": 1,
    "passPercent": 100,
    "pendingPercent": 0,
    "other": 0,
    "hasOther": false,
    "skipped": 0,
    "hasSkipped": false
  },
  "results": [
    {
      "uuid": "a4903007-927c-4e3e-ae89-af7577a41a48",
      "title": "",
      "fullFile": "cypress\\e2e\\logout.cy.js",
      "file": "cypress\\e2e\\logout.cy.js",
      "beforeHooks": [],
      "afterHooks": [],
      "tests": [],
      "suites": [
        {
          "uuid": "d53cb98c-f9ef-46c8-b65e-b845ddbb50da",
          "title": "Logout",
          "fullFile": "",
          "file": "",
          "beforeHooks": [],
          "afterHooks": [],
          "tests": [
            {
              "title": "TC-LOGOUT-001: To verify user can logout",
              "fullTitle": "Logout TC-LOGOUT-001: To verify user can logout",
              "timedOut": null,
              "duration": 2066,
              "state": "passed",
              "speed": "fast",
              "pass": true,
              "fail": false,
              "pending": false,
              "context": null,
              "code": "logoutData.logout();\nutility.assertUrl('https://www.saucedemo.com/');",
              "err": {},
              "uuid": "3cef0892-1cfa-44d9-a541-f1c74f62815a",
              "parentUUID": "d53cb98c-f9ef-46c8-b65e-b845ddbb50da",
              "isHook": false,
              "skipped": false
            }
          ],
          "suites": [],
          "passes": [
            "3cef0892-1cfa-44d9-a541-f1c74f62815a"
          ],
          "failures": [],
          "pending": [],
          "skipped": [],
          "duration": 2066,
          "root": false,
          "rootEmpty": false,
          "_timeout": 2000
        }
      ],
      "passes": [],
      "failures": [],
      "pending": [],
      "skipped": [],
      "duration": 0,
      "root": true,
      "rootEmpty": true,
      "_timeout": 2000
    }
  ],
  "meta": {
    "mocha": {
      "version": "7.2.0"
    },
    "mochawesome": {
      "options": {
        "quiet": false,
        "reportFilename": "mochawesome",
        "saveHtml": false,
        "saveJson": true,
        "consoleReporter": "spec",
        "useInlineDiffs": false,
        "code": true
      },
      "version": "7.1.4"
    },
    "marge": {
      "options": {
        "reportDir": "cypress/reports/mochawesome-report",
        "overwrite": false,
        "html": false,
        "json": true
      },
      "version": "6.3.2"
    }
  }
}