{
  "stats": {
    "suites": 1,
    "tests": 3,
    "passes": 3,
    "pending": 0,
    "failures": 0,
    "start": "2026-01-22T09:32:56.089Z",
    "end": "2026-01-22T09:33:06.536Z",
    "duration": 10447,
    "testsRegistered": 3,
    "passPercent": 100,
    "pendingPercent": 0,
    "other": 0,
    "hasOther": false,
    "skipped": 0,
    "hasSkipped": false
  },
  "results": [
    {
      "uuid": "35885d3e-b5e3-41ec-a330-162b15e17160",
      "title": "",
      "fullFile": "cypress\\e2e\\addToCart.cy.js",
      "file": "cypress\\e2e\\addToCart.cy.js",
      "beforeHooks": [],
      "afterHooks": [],
      "tests": [],
      "suites": [
        {
          "uuid": "ae30a549-d227-4d3f-84e0-e9b8d2a30260",
          "title": "ADD_TO_CART",
          "fullFile": "",
          "file": "",
          "beforeHooks": [],
          "afterHooks": [],
          "tests": [
            {
              "title": "TC-ADDTOCART-001: To verify add to cart button is working",
              "fullTitle": "ADD_TO_CART TC-ADDTOCART-001: To verify add to cart button is working",
              "timedOut": null,
              "duration": 4311,
              "state": "passed",
              "speed": "fast",
              "pass": true,
              "fail": false,
              "pending": false,
              "context": null,
              "code": "addToCartData.clickAddToCartButton();\nutility.assertElementText('#remove-sauce-labs-backpack', 'Remove');",
              "err": {},
              "uuid": "79cd7a78-6a6d-4076-a58d-803ea7806a2c",
              "parentUUID": "ae30a549-d227-4d3f-84e0-e9b8d2a30260",
              "isHook": false,
              "skipped": false
            },
            {
              "title": "TC-ADDTOCART-001: To verify cart icon is updated after item is added to cart",
              "fullTitle": "ADD_TO_CART TC-ADDTOCART-001: To verify cart icon is updated after item is added to cart",
              "timedOut": null,
              "duration": 3177,
              "state": "passed",
              "speed": "fast",
              "pass": true,
              "fail": false,
              "pending": false,
              "context": null,
              "code": "addToCartData.updateCart();",
              "err": {},
              "uuid": "f3ca6099-9bb9-4209-8022-afef658757dd",
              "parentUUID": "ae30a549-d227-4d3f-84e0-e9b8d2a30260",
              "isHook": false,
              "skipped": false
            },
            {
              "title": "TC-ADDTOCART-001: To verify user can add product from product page",
              "fullTitle": "ADD_TO_CART TC-ADDTOCART-001: To verify user can add product from product page",
              "timedOut": null,
              "duration": 2342,
              "state": "passed",
              "speed": "fast",
              "pass": true,
              "fail": false,
              "pending": false,
              "context": null,
              "code": "addToCartData.addToCartProductPage();",
              "err": {},
              "uuid": "7669e495-7f58-4055-9163-6e89b756afd0",
              "parentUUID": "ae30a549-d227-4d3f-84e0-e9b8d2a30260",
              "isHook": false,
              "skipped": false
            }
          ],
          "suites": [],
          "passes": [
            "79cd7a78-6a6d-4076-a58d-803ea7806a2c",
            "f3ca6099-9bb9-4209-8022-afef658757dd",
            "7669e495-7f58-4055-9163-6e89b756afd0"
          ],
          "failures": [],
          "pending": [],
          "skipped": [],
          "duration": 9830,
          "root": false,
          "rootEmpty": false,
          "_timeout": 2000
        }
      ],
      "passes": [],
      "failures": [],
      "pending": [],
      "skipped": [],
      "duration": 0,
      "root": true,
      "rootEmpty": true,
      "_timeout": 2000
    }
  ],
  "meta": {
    "mocha": {
      "version": "7.2.0"
    },
    "mochawesome": {
      "options": {
        "quiet": false,
        "reportFilename": "mochawesome",
        "saveHtml": false,
        "saveJson": true,
        "consoleReporter": "spec",
        "useInlineDiffs": false,
        "code": true
      },
      "version": "7.1.4"
    },
    "marge": {
      "options": {
        "reportDir": "cypress/reports/mochawesome-report",
        "overwrite": false,
        "html": false,
        "json": true
      },
      "version": "6.3.2"
    }
  }
}