{
  "stats": {
    "suites": 1,
    "tests": 4,
    "passes": 4,
    "pending": 0,
    "failures": 0,
    "start": "2025-12-13T15:27:38.883Z",
    "end": "2025-12-13T15:27:43.038Z",
    "duration": 4155,
    "testsRegistered": 4,
    "passPercent": 100,
    "pendingPercent": 0,
    "other": 0,
    "hasOther": false,
    "skipped": 0,
    "hasSkipped": false
  },
  "results": [
    {
      "uuid": "a930e512-e0c3-4210-ab8a-9cc175aaf051",
      "title": "",
      "fullFile": "cypress\\e2e\\login.cy.js",
      "file": "cypress\\e2e\\login.cy.js",
      "beforeHooks": [],
      "afterHooks": [],
      "tests": [],
      "suites": [
        {
          "uuid": "5d1a284a-5468-4ae9-81dd-1504c866d6ac",
          "title": "LOGIN",
          "fullFile": "",
          "file": "",
          "beforeHooks": [],
          "afterHooks": [],
          "tests": [
            {
              "title": "TC-LOGIN-001: To verify user can login with valid credentials",
              "fullTitle": "LOGIN TC-LOGIN-001: To verify user can login with valid credentials",
              "timedOut": null,
              "duration": 1830,
              "state": "passed",
              "speed": "fast",
              "pass": true,
              "fail": false,
              "pending": false,
              "context": null,
              "code": "loginData.login();",
              "err": {},
              "uuid": "c564ec90-aa25-44b0-8858-5a3fb81ce473",
              "parentUUID": "5d1a284a-5468-4ae9-81dd-1504c866d6ac",
              "isHook": false,
              "skipped": false
            },
            {
              "title": "TC-LOGIN-002: To verify user can login with only username",
              "fullTitle": "LOGIN TC-LOGIN-002: To verify user can login with only username",
              "timedOut": null,
              "duration": 843,
              "state": "passed",
              "speed": "fast",
              "pass": true,
              "fail": false,
              "pending": false,
              "context": null,
              "code": "loginData.visit();\nloginData.typeLoginUsername();\nloginData.clickLoginButton();\nutility.assertErrorMessage('[data-test=\"error\"]', 'Epic sadface: Password is required');",
              "err": {},
              "uuid": "2aca5798-919b-46c6-88fc-3e99b771f14f",
              "parentUUID": "5d1a284a-5468-4ae9-81dd-1504c866d6ac",
              "isHook": false,
              "skipped": false
            },
            {
              "title": "TC-LOGIN-003: To verify user can login with only password",
              "fullTitle": "LOGIN TC-LOGIN-003: To verify user can login with only password",
              "timedOut": null,
              "duration": 956,
              "state": "passed",
              "speed": "fast",
              "pass": true,
              "fail": false,
              "pending": false,
              "context": null,
              "code": "loginData.visit();\nloginData.typeLoginPassword();\nloginData.clickLoginButton();\nutility.assertErrorMessage('[data-test=\"error\"]', 'Epic sadface: Username is required');",
              "err": {},
              "uuid": "252fae68-f135-41e2-949c-8b356afc8905",
              "parentUUID": "5d1a284a-5468-4ae9-81dd-1504c866d6ac",
              "isHook": false,
              "skipped": false
            },
            {
              "title": "TC-LOGIN-004: To verify user can login with empty fields",
              "fullTitle": "LOGIN TC-LOGIN-004: To verify user can login with empty fields",
              "timedOut": null,
              "duration": 309,
              "state": "passed",
              "speed": "fast",
              "pass": true,
              "fail": false,
              "pending": false,
              "context": null,
              "code": "loginData.visit();\nloginData.clickLoginButton();\nutility.assertErrorMessage('[data-test=\"error\"]', 'Epic sadface: Username is required');",
              "err": {},
              "uuid": "18e68e79-7f73-4f2c-b0bd-117d540fd1d2",
              "parentUUID": "5d1a284a-5468-4ae9-81dd-1504c866d6ac",
              "isHook": false,
              "skipped": false
            }
          ],
          "suites": [],
          "passes": [
            "c564ec90-aa25-44b0-8858-5a3fb81ce473",
            "2aca5798-919b-46c6-88fc-3e99b771f14f",
            "252fae68-f135-41e2-949c-8b356afc8905",
            "18e68e79-7f73-4f2c-b0bd-117d540fd1d2"
          ],
          "failures": [],
          "pending": [],
          "skipped": [],
          "duration": 3938,
          "root": false,
          "rootEmpty": false,
          "_timeout": 2000
        }
      ],
      "passes": [],
      "failures": [],
      "pending": [],
      "skipped": [],
      "duration": 0,
      "root": true,
      "rootEmpty": true,
      "_timeout": 2000
    }
  ],
  "meta": {
    "mocha": {
      "version": "7.2.0"
    },
    "mochawesome": {
      "options": {
        "quiet": false,
        "reportFilename": "mochawesome",
        "saveHtml": false,
        "saveJson": true,
        "consoleReporter": "spec",
        "useInlineDiffs": false,
        "code": true
      },
      "version": "7.1.4"
    },
    "marge": {
      "options": {
        "reportDir": "cypress/reports/mochawesome-report",
        "overwrite": false,
        "html": false,
        "json": true
      },
      "version": "6.3.2"
    }
  }
}