{
  "stats": {
    "suites": 1,
    "tests": 2,
    "passes": 2,
    "pending": 0,
    "failures": 0,
    "start": "2026-01-22T09:33:17.903Z",
    "end": "2026-01-22T09:33:24.064Z",
    "duration": 6161,
    "testsRegistered": 2,
    "passPercent": 100,
    "pendingPercent": 0,
    "other": 0,
    "hasOther": false,
    "skipped": 0,
    "hasSkipped": false
  },
  "results": [
    {
      "uuid": "52217fca-6925-4907-9196-b046ce13a15e",
      "title": "",
      "fullFile": "cypress\\e2e\\checkout.cy.js",
      "file": "cypress\\e2e\\checkout.cy.js",
      "beforeHooks": [],
      "afterHooks": [],
      "tests": [],
      "suites": [
        {
          "uuid": "c5e5ad62-38c7-4c40-affc-93b2803feb1e",
          "title": "CHECKOUT",
          "fullFile": "",
          "file": "",
          "beforeHooks": [],
          "afterHooks": [],
          "tests": [
            {
              "title": "TC-CHECKOUT-001: To verify checkout button is working",
              "fullTitle": "CHECKOUT TC-CHECKOUT-001: To verify checkout button is working",
              "timedOut": null,
              "duration": 3214,
              "state": "passed",
              "speed": "fast",
              "pass": true,
              "fail": false,
              "pending": false,
              "context": null,
              "code": "checkout.clickCheckoutButton();\nutility.assertUrl('https://www.saucedemo.com/checkout-step-one.html');",
              "err": {},
              "uuid": "76a01794-5b11-4ee8-9db4-329d00eabb2a",
              "parentUUID": "c5e5ad62-38c7-4c40-affc-93b2803feb1e",
              "isHook": false,
              "skipped": false
            },
            {
              "title": "TC-CHECKOUT-002: To verify user can checkout with vlaid information",
              "fullTitle": "CHECKOUT TC-CHECKOUT-002: To verify user can checkout with vlaid information",
              "timedOut": null,
              "duration": 2616,
              "state": "passed",
              "speed": "fast",
              "pass": true,
              "fail": false,
              "pending": false,
              "context": null,
              "code": "checkout.clickCheckoutButton();\ncheckout.checkoutForm();",
              "err": {},
              "uuid": "d872d5e8-3795-4f53-843a-4c595b62f5f1",
              "parentUUID": "c5e5ad62-38c7-4c40-affc-93b2803feb1e",
              "isHook": false,
              "skipped": false
            }
          ],
          "suites": [],
          "passes": [
            "76a01794-5b11-4ee8-9db4-329d00eabb2a",
            "d872d5e8-3795-4f53-843a-4c595b62f5f1"
          ],
          "failures": [],
          "pending": [],
          "skipped": [],
          "duration": 5830,
          "root": false,
          "rootEmpty": false,
          "_timeout": 2000
        }
      ],
      "passes": [],
      "failures": [],
      "pending": [],
      "skipped": [],
      "duration": 0,
      "root": true,
      "rootEmpty": true,
      "_timeout": 2000
    }
  ],
  "meta": {
    "mocha": {
      "version": "7.2.0"
    },
    "mochawesome": {
      "options": {
        "quiet": false,
        "reportFilename": "mochawesome",
        "saveHtml": false,
        "saveJson": true,
        "consoleReporter": "spec",
        "useInlineDiffs": false,
        "code": true
      },
      "version": "7.1.4"
    },
    "marge": {
      "options": {
        "reportDir": "cypress/reports/mochawesome-report",
        "overwrite": false,
        "html": false,
        "json": true
      },
      "version": "6.3.2"
    }
  }
}