{
  "stats": {
    "suites": 1,
    "tests": 4,
    "passes": 0,
    "pending": 0,
    "failures": 4,
    "start": "2025-12-15T04:39:04.482Z",
    "end": "2025-12-15T04:39:05.650Z",
    "duration": 1168,
    "testsRegistered": 4,
    "passPercent": 0,
    "pendingPercent": 0,
    "other": 0,
    "hasOther": false,
    "skipped": 0,
    "hasSkipped": false
  },
  "results": [
    {
      "uuid": "5ad0a604-df71-459b-819c-cd804bccdbac",
      "title": "",
      "fullFile": "cypress\\e2e\\apiTest.cy.js",
      "file": "cypress\\e2e\\apiTest.cy.js",
      "beforeHooks": [],
      "afterHooks": [],
      "tests": [],
      "suites": [
        {
          "uuid": "bc343689-bc5e-4f32-b034-a7113195751c",
          "title": "GoRest API Testing using Cypress",
          "fullFile": "",
          "file": "",
          "beforeHooks": [],
          "afterHooks": [],
          "tests": [
            {
              "title": "Create user",
              "fullTitle": "GoRest API Testing using Cypress Create user",
              "timedOut": null,
              "duration": 376,
              "state": "failed",
              "speed": null,
              "pass": false,
              "fail": true,
              "pending": false,
              "context": null,
              "code": "_apiData.default.createUser(userData).then(res => {\n  expect(res.status).to.eq(201);\n  expect(res.body.email).to.eq(userData.email);\n  userId = res.body.id;\n});",
              "err": {
                "message": "Error: API base URL is not set. Set `API_URL` in Cypress env or assign `apiTest.baseUrl` before requests.",
                "estack": "Error: API base URL is not set. Set `API_URL` in Cypress env or assign `apiTest.baseUrl` before requests.\n    at ApiTest.getBaseUrl (webpack://saucedemo_automation/./cypress/pages/apiData.js:19:12)\n    at ApiTest.createUser (webpack://saucedemo_automation/./cypress/pages/apiData.js:31:16)\n    at Context.eval (webpack://saucedemo_automation/./cypress/e2e/apiTest.cy.js:17:12)\n    at runnable.fn (https://www.saucedemo.com/__cypress/runner/cypress_runner.js:146091:19)\n    at callFn (https://www.saucedemo.com/__cypress/runner/cypress_runner.js:165185:21)\n    at Runnable.run (https://www.saucedemo.com/__cypress/runner/cypress_runner.js:165172:7)\n    at <unknown> (https://www.saucedemo.com/__cypress/runner/cypress_runner.js:171267:30)\n    at PassThroughHandlerContext.finallyHandler (https://www.saucedemo.com/__cypress/runner/cypress_runner.js:4042:23)\n    at PassThroughHandlerContext.tryCatcher (https://www.saucedemo.com/__cypress/runner/cypress_runner.js:1777:23)",
                "diff": null
              },
              "uuid": "9d6ca294-e0b6-4611-b391-4d7579689a78",
              "parentUUID": "bc343689-bc5e-4f32-b034-a7113195751c",
              "isHook": false,
              "skipped": false
            },
            {
              "title": "Get users list",
              "fullTitle": "GoRest API Testing using Cypress Get users list",
              "timedOut": null,
              "duration": 288,
              "state": "failed",
              "speed": null,
              "pass": false,
              "fail": true,
              "pending": false,
              "context": null,
              "code": "_apiData.default.getUsers().then(res => {\n  expect(res.status).to.eq(200);\n  expect(res.body).to.be.an('array');\n});",
              "err": {
                "message": "Error: API base URL is not set. Set `API_URL` in Cypress env or assign `apiTest.baseUrl` before requests.",
                "estack": "Error: API base URL is not set. Set `API_URL` in Cypress env or assign `apiTest.baseUrl` before requests.\n    at ApiTest.getBaseUrl (webpack://saucedemo_automation/./cypress/pages/apiData.js:19:12)\n    at ApiTest.getUsers (webpack://saucedemo_automation/./cypress/pages/apiData.js:40:16)\n    at Context.eval (webpack://saucedemo_automation/./cypress/e2e/apiTest.cy.js:25:12)\n    at runnable.fn (https://www.saucedemo.com/__cypress/runner/cypress_runner.js:146091:19)\n    at callFn (https://www.saucedemo.com/__cypress/runner/cypress_runner.js:165185:21)\n    at Runnable.run (https://www.saucedemo.com/__cypress/runner/cypress_runner.js:165172:7)\n    at <unknown> (https://www.saucedemo.com/__cypress/runner/cypress_runner.js:171267:30)\n    at PassThroughHandlerContext.finallyHandler (https://www.saucedemo.com/__cypress/runner/cypress_runner.js:4042:23)\n    at PassThroughHandlerContext.tryCatcher (https://www.saucedemo.com/__cypress/runner/cypress_runner.js:1777:23)",
                "diff": null
              },
              "uuid": "f391fc0b-a187-4326-b7b8-baa20c7aa416",
              "parentUUID": "bc343689-bc5e-4f32-b034-a7113195751c",
              "isHook": false,
              "skipped": false
            },
            {
              "title": "Update user",
              "fullTitle": "GoRest API Testing using Cypress Update user",
              "timedOut": null,
              "duration": 171,
              "state": "failed",
              "speed": null,
              "pass": false,
              "fail": true,
              "pending": false,
              "context": null,
              "code": "_apiData.default.updateUser(userId, {\n  name: 'Updated Automation User'\n}).then(res => {\n  expect(res.status).to.eq(200);\n  expect(res.body.name).to.eq('Updated Automation User');\n});",
              "err": {
                "message": "Error: API base URL is not set. Set `API_URL` in Cypress env or assign `apiTest.baseUrl` before requests.",
                "estack": "Error: API base URL is not set. Set `API_URL` in Cypress env or assign `apiTest.baseUrl` before requests.\n    at ApiTest.getBaseUrl (webpack://saucedemo_automation/./cypress/pages/apiData.js:19:12)\n    at ApiTest.updateUser (webpack://saucedemo_automation/./cypress/pages/apiData.js:48:19)\n    at Context.eval (webpack://saucedemo_automation/./cypress/e2e/apiTest.cy.js:32:12)\n    at runnable.fn (https://www.saucedemo.com/__cypress/runner/cypress_runner.js:146091:19)\n    at callFn (https://www.saucedemo.com/__cypress/runner/cypress_runner.js:165185:21)\n    at Runnable.run (https://www.saucedemo.com/__cypress/runner/cypress_runner.js:165172:7)\n    at <unknown> (https://www.saucedemo.com/__cypress/runner/cypress_runner.js:171267:30)\n    at PassThroughHandlerContext.finallyHandler (https://www.saucedemo.com/__cypress/runner/cypress_runner.js:4042:23)\n    at PassThroughHandlerContext.tryCatcher (https://www.saucedemo.com/__cypress/runner/cypress_runner.js:1777:23)",
                "diff": null
              },
              "uuid": "f4b20406-8f4c-4604-8a6d-565d017859f8",
              "parentUUID": "bc343689-bc5e-4f32-b034-a7113195751c",
              "isHook": false,
              "skipped": false
            },
            {
              "title": "Delete user",
              "fullTitle": "GoRest API Testing using Cypress Delete user",
              "timedOut": null,
              "duration": 173,
              "state": "failed",
              "speed": null,
              "pass": false,
              "fail": true,
              "pending": false,
              "context": null,
              "code": "_apiData.default.deleteUser(userId).then(res => {\n  expect(res.status).to.eq(204);\n});",
              "err": {
                "message": "Error: API base URL is not set. Set `API_URL` in Cypress env or assign `apiTest.baseUrl` before requests.",
                "estack": "Error: API base URL is not set. Set `API_URL` in Cypress env or assign `apiTest.baseUrl` before requests.\n    at ApiTest.getBaseUrl (webpack://saucedemo_automation/./cypress/pages/apiData.js:19:12)\n    at ApiTest.deleteUser (webpack://saucedemo_automation/./cypress/pages/apiData.js:57:19)\n    at Context.eval (webpack://saucedemo_automation/./cypress/e2e/apiTest.cy.js:41:12)\n    at runnable.fn (https://www.saucedemo.com/__cypress/runner/cypress_runner.js:146091:19)\n    at callFn (https://www.saucedemo.com/__cypress/runner/cypress_runner.js:165185:21)\n    at Runnable.run (https://www.saucedemo.com/__cypress/runner/cypress_runner.js:165172:7)\n    at <unknown> (https://www.saucedemo.com/__cypress/runner/cypress_runner.js:171267:30)\n    at PassThroughHandlerContext.finallyHandler (https://www.saucedemo.com/__cypress/runner/cypress_runner.js:4042:23)\n    at PassThroughHandlerContext.tryCatcher (https://www.saucedemo.com/__cypress/runner/cypress_runner.js:1777:23)",
                "diff": null
              },
              "uuid": "c77cb805-a0cc-45b3-a0cf-6f8b032039fa",
              "parentUUID": "bc343689-bc5e-4f32-b034-a7113195751c",
              "isHook": false,
              "skipped": false
            }
          ],
          "suites": [],
          "passes": [],
          "failures": [
            "9d6ca294-e0b6-4611-b391-4d7579689a78",
            "f391fc0b-a187-4326-b7b8-baa20c7aa416",
            "f4b20406-8f4c-4604-8a6d-565d017859f8",
            "c77cb805-a0cc-45b3-a0cf-6f8b032039fa"
          ],
          "pending": [],
          "skipped": [],
          "duration": 1008,
          "root": false,
          "rootEmpty": false,
          "_timeout": 2000
        }
      ],
      "passes": [],
      "failures": [],
      "pending": [],
      "skipped": [],
      "duration": 0,
      "root": true,
      "rootEmpty": true,
      "_timeout": 2000
    }
  ],
  "meta": {
    "mocha": {
      "version": "7.2.0"
    },
    "mochawesome": {
      "options": {
        "quiet": false,
        "reportFilename": "mochawesome",
        "saveHtml": false,
        "saveJson": true,
        "consoleReporter": "spec",
        "useInlineDiffs": false,
        "code": true
      },
      "version": "7.1.4"
    },
    "marge": {
      "options": {
        "reportDir": "cypress/reports/mochawesome-report",
        "overwrite": false,
        "html": false,
        "json": true
      },
      "version": "6.3.2"
    }
  }
}