{
  "stats": {
    "suites": 1,
    "tests": 3,
    "passes": 3,
    "pending": 0,
    "failures": 0,
    "start": "2025-12-15T04:28:31.215Z",
    "end": "2025-12-15T04:28:39.639Z",
    "duration": 8424,
    "testsRegistered": 3,
    "passPercent": 100,
    "pendingPercent": 0,
    "other": 0,
    "hasOther": false,
    "skipped": 0,
    "hasSkipped": false
  },
  "results": [
    {
      "uuid": "84d2e70b-b886-47b7-9185-cec506594c81",
      "title": "",
      "fullFile": "cypress\\e2e\\addToCart.cy.js",
      "file": "cypress\\e2e\\addToCart.cy.js",
      "beforeHooks": [],
      "afterHooks": [],
      "tests": [],
      "suites": [
        {
          "uuid": "0ce67437-100b-4fe1-97c4-3872136694d3",
          "title": "ADD_TO_CART",
          "fullFile": "",
          "file": "",
          "beforeHooks": [],
          "afterHooks": [],
          "tests": [
            {
              "title": "TC-ADDTOCART-001: To verify add to cart button is working",
              "fullTitle": "ADD_TO_CART TC-ADDTOCART-001: To verify add to cart button is working",
              "timedOut": null,
              "duration": 4069,
              "state": "passed",
              "speed": "fast",
              "pass": true,
              "fail": false,
              "pending": false,
              "context": null,
              "code": "addToCartData.clickAddToCartButton();\nutility.assertElementText('#remove-sauce-labs-backpack', 'Remove');",
              "err": {},
              "uuid": "839f427a-b85e-46b2-8c84-353bf1f5a268",
              "parentUUID": "0ce67437-100b-4fe1-97c4-3872136694d3",
              "isHook": false,
              "skipped": false
            },
            {
              "title": "TC-ADDTOCART-001: To verify cart icon is updated after item is added to cart",
              "fullTitle": "ADD_TO_CART TC-ADDTOCART-001: To verify cart icon is updated after item is added to cart",
              "timedOut": null,
              "duration": 2657,
              "state": "passed",
              "speed": "fast",
              "pass": true,
              "fail": false,
              "pending": false,
              "context": null,
              "code": "addToCartData.updateCart();",
              "err": {},
              "uuid": "931b1206-df9a-4199-8380-d29522639980",
              "parentUUID": "0ce67437-100b-4fe1-97c4-3872136694d3",
              "isHook": false,
              "skipped": false
            },
            {
              "title": "TC-ADDTOCART-001: To verify user can add product from product page",
              "fullTitle": "ADD_TO_CART TC-ADDTOCART-001: To verify user can add product from product page",
              "timedOut": null,
              "duration": 1503,
              "state": "passed",
              "speed": "fast",
              "pass": true,
              "fail": false,
              "pending": false,
              "context": null,
              "code": "addToCartData.addToCartProductPage();",
              "err": {},
              "uuid": "4a09a9a2-a034-4e81-bd2d-ff27d12587a3",
              "parentUUID": "0ce67437-100b-4fe1-97c4-3872136694d3",
              "isHook": false,
              "skipped": false
            }
          ],
          "suites": [],
          "passes": [
            "839f427a-b85e-46b2-8c84-353bf1f5a268",
            "931b1206-df9a-4199-8380-d29522639980",
            "4a09a9a2-a034-4e81-bd2d-ff27d12587a3"
          ],
          "failures": [],
          "pending": [],
          "skipped": [],
          "duration": 8229,
          "root": false,
          "rootEmpty": false,
          "_timeout": 2000
        }
      ],
      "passes": [],
      "failures": [],
      "pending": [],
      "skipped": [],
      "duration": 0,
      "root": true,
      "rootEmpty": true,
      "_timeout": 2000
    }
  ],
  "meta": {
    "mocha": {
      "version": "7.2.0"
    },
    "mochawesome": {
      "options": {
        "quiet": false,
        "reportFilename": "mochawesome",
        "saveHtml": false,
        "saveJson": true,
        "consoleReporter": "spec",
        "useInlineDiffs": false,
        "code": true
      },
      "version": "7.1.4"
    },
    "marge": {
      "options": {
        "reportDir": "cypress/reports/mochawesome-report",
        "overwrite": false,
        "html": false,
        "json": true
      },
      "version": "6.3.2"
    }
  }
}