{
  "stats": {
    "suites": 1,
    "tests": 1,
    "passes": 1,
    "pending": 0,
    "failures": 0,
    "start": "2026-01-22T09:33:48.633Z",
    "end": "2026-01-22T09:33:51.117Z",
    "duration": 2484,
    "testsRegistered": 1,
    "passPercent": 100,
    "pendingPercent": 0,
    "other": 0,
    "hasOther": false,
    "skipped": 0,
    "hasSkipped": false
  },
  "results": [
    {
      "uuid": "28fa4f97-544a-4635-9cc0-93229182e1d3",
      "title": "",
      "fullFile": "cypress\\e2e\\responsive.cy.js",
      "file": "cypress\\e2e\\responsive.cy.js",
      "beforeHooks": [],
      "afterHooks": [],
      "tests": [],
      "suites": [
        {
          "uuid": "a2f6ac9c-afcb-492a-9fce-48bc4c698ec4",
          "title": "responsive",
          "fullFile": "",
          "file": "",
          "beforeHooks": [],
          "afterHooks": [],
          "tests": [
            {
              "title": "TC-RES-001: To verify website is reponsive",
              "fullTitle": "responsive TC-RES-001: To verify website is reponsive",
              "timedOut": null,
              "duration": 2257,
              "state": "passed",
              "speed": "fast",
              "pass": true,
              "fail": false,
              "pending": false,
              "context": null,
              "code": "cy.viewport('iphone-6');\ncy.contains('Swag Labs').should('be.visible');\ncy.get('#react-burger-menu-btn').should('be.visible');\ncy.get('.inventory_list').should('be.visible');",
              "err": {},
              "uuid": "8cb4ab37-0522-4fd7-abd1-8d5c02adc2df",
              "parentUUID": "a2f6ac9c-afcb-492a-9fce-48bc4c698ec4",
              "isHook": false,
              "skipped": false
            }
          ],
          "suites": [],
          "passes": [
            "8cb4ab37-0522-4fd7-abd1-8d5c02adc2df"
          ],
          "failures": [],
          "pending": [],
          "skipped": [],
          "duration": 2257,
          "root": false,
          "rootEmpty": false,
          "_timeout": 2000
        }
      ],
      "passes": [],
      "failures": [],
      "pending": [],
      "skipped": [],
      "duration": 0,
      "root": true,
      "rootEmpty": true,
      "_timeout": 2000
    }
  ],
  "meta": {
    "mocha": {
      "version": "7.2.0"
    },
    "mochawesome": {
      "options": {
        "quiet": false,
        "reportFilename": "mochawesome",
        "saveHtml": false,
        "saveJson": true,
        "consoleReporter": "spec",
        "useInlineDiffs": false,
        "code": true
      },
      "version": "7.1.4"
    },
    "marge": {
      "options": {
        "reportDir": "cypress/reports/mochawesome-report",
        "overwrite": false,
        "html": false,
        "json": true
      },
      "version": "6.3.2"
    }
  }
}