{
  "stats": {
    "suites": 1,
    "tests": 1,
    "passes": 1,
    "pending": 0,
    "failures": 0,
    "start": "2026-01-22T09:33:27.488Z",
    "end": "2026-01-22T09:33:31.205Z",
    "duration": 3717,
    "testsRegistered": 1,
    "passPercent": 100,
    "pendingPercent": 0,
    "other": 0,
    "hasOther": false,
    "skipped": 0,
    "hasSkipped": false
  },
  "results": [
    {
      "uuid": "d0879e1a-4682-442d-a2b7-99e6108d15c4",
      "title": "",
      "fullFile": "cypress\\e2e\\filter.cy.js",
      "file": "cypress\\e2e\\filter.cy.js",
      "beforeHooks": [],
      "afterHooks": [],
      "tests": [],
      "suites": [
        {
          "uuid": "821b0ba7-5c74-49cb-80c5-1844ef3fd70c",
          "title": "FILTER",
          "fullFile": "",
          "file": "",
          "beforeHooks": [],
          "afterHooks": [],
          "tests": [
            {
              "title": "TC-FILTER-001: To verify user can filter the products",
              "fullTitle": "FILTER TC-FILTER-001: To verify user can filter the products",
              "timedOut": null,
              "duration": 3574,
              "state": "passed",
              "speed": "fast",
              "pass": true,
              "fail": false,
              "pending": false,
              "context": null,
              "code": "// Filter Low to High\nfilterData.filterByPriceLowToHigh();\n// Verify Low to High\ncy.get('.inventory_item_price').then($prices => {\n  const prices = [...$prices].map(el => parseFloat(el.innerText.replace('$', '')));\n  const sortedPrices = [...prices].sort((a, b) => a - b);\n  expect(prices).to.deep.equal(sortedPrices);\n});\n// Filter High to Low\nfilterData.filterByPriceHighToLow();\n// Verify High to Low\ncy.get('.inventory_item_price').then($prices => {\n  const prices = [...$prices].map(el => parseFloat(el.innerText.replace('$', '')));\n  const sortedPrices = [...prices].sort((a, b) => b - a);\n  expect(prices).to.deep.equal(sortedPrices);\n});\n// Filter Name A to Z\nfilterData.filterByNameAtoZ();\n// Verify Name A to Z\ncy.get('.inventory_item_name').then($names => {\n  const names = [...$names].map(el => el.innerText);\n  const sortedNames = [...names].sort();\n  expect(names).to.deep.equal(sortedNames);\n});\n// Filter Name Z to A\nfilterData.filterByNameZtoA();\n// Verify Name Z to A\ncy.get('.inventory_item_name').then($names => {\n  const names = [...$names].map(el => el.innerText);\n  const sortedNames = [...names].sort().reverse();\n  expect(names).to.deep.equal(sortedNames);\n});",
              "err": {},
              "uuid": "785fa4a5-912e-4c42-8155-7fb8a2f6f072",
              "parentUUID": "821b0ba7-5c74-49cb-80c5-1844ef3fd70c",
              "isHook": false,
              "skipped": false
            }
          ],
          "suites": [],
          "passes": [
            "785fa4a5-912e-4c42-8155-7fb8a2f6f072"
          ],
          "failures": [],
          "pending": [],
          "skipped": [],
          "duration": 3574,
          "root": false,
          "rootEmpty": false,
          "_timeout": 2000
        }
      ],
      "passes": [],
      "failures": [],
      "pending": [],
      "skipped": [],
      "duration": 0,
      "root": true,
      "rootEmpty": true,
      "_timeout": 2000
    }
  ],
  "meta": {
    "mocha": {
      "version": "7.2.0"
    },
    "mochawesome": {
      "options": {
        "quiet": false,
        "reportFilename": "mochawesome",
        "saveHtml": false,
        "saveJson": true,
        "consoleReporter": "spec",
        "useInlineDiffs": false,
        "code": true
      },
      "version": "7.1.4"
    },
    "marge": {
      "options": {
        "reportDir": "cypress/reports/mochawesome-report",
        "overwrite": false,
        "html": false,
        "json": true
      },
      "version": "6.3.2"
    }
  }
}