{
  "stats": {
    "suites": 1,
    "tests": 4,
    "passes": 4,
    "pending": 0,
    "failures": 0,
    "start": "2025-12-14T09:00:45.739Z",
    "end": "2025-12-14T09:00:47.069Z",
    "duration": 1330,
    "testsRegistered": 4,
    "passPercent": 100,
    "pendingPercent": 0,
    "other": 0,
    "hasOther": false,
    "skipped": 0,
    "hasSkipped": false
  },
  "results": [
    {
      "uuid": "f943f509-7727-4f3a-8ca5-0beb4c151ab4",
      "title": "",
      "fullFile": "cypress\\e2e\\apiTest.cy.js",
      "file": "cypress\\e2e\\apiTest.cy.js",
      "beforeHooks": [],
      "afterHooks": [],
      "tests": [],
      "suites": [
        {
          "uuid": "9eeadcdf-b12a-43c3-a519-f493d6e26b53",
          "title": "GoRest API Testing using Cypress",
          "fullFile": "",
          "file": "",
          "beforeHooks": [],
          "afterHooks": [],
          "tests": [
            {
              "title": "Create user",
              "fullTitle": "GoRest API Testing using Cypress Create user",
              "timedOut": null,
              "duration": 569,
              "state": "passed",
              "speed": "fast",
              "pass": true,
              "fail": false,
              "pending": false,
              "context": null,
              "code": "_apiData.default.createUser(userData).then(res => {\n  expect(res.status).to.eq(201);\n  expect(res.body.email).to.eq(userData.email);\n  userId = res.body.id;\n});",
              "err": {},
              "uuid": "71338e06-8930-4ee6-b71b-d4c6bf749d6f",
              "parentUUID": "9eeadcdf-b12a-43c3-a519-f493d6e26b53",
              "isHook": false,
              "skipped": false
            },
            {
              "title": "Get users list",
              "fullTitle": "GoRest API Testing using Cypress Get users list",
              "timedOut": null,
              "duration": 217,
              "state": "passed",
              "speed": "fast",
              "pass": true,
              "fail": false,
              "pending": false,
              "context": null,
              "code": "_apiData.default.getUsers().then(res => {\n  expect(res.status).to.eq(200);\n  expect(res.body).to.be.an('array');\n});",
              "err": {},
              "uuid": "7d5a3230-95f7-47a6-a185-315c53236a68",
              "parentUUID": "9eeadcdf-b12a-43c3-a519-f493d6e26b53",
              "isHook": false,
              "skipped": false
            },
            {
              "title": "Update user",
              "fullTitle": "GoRest API Testing using Cypress Update user",
              "timedOut": null,
              "duration": 225,
              "state": "passed",
              "speed": "fast",
              "pass": true,
              "fail": false,
              "pending": false,
              "context": null,
              "code": "_apiData.default.updateUser(userId, {\n  name: 'Updated Automation User'\n}).then(res => {\n  expect(res.status).to.eq(200);\n  expect(res.body.name).to.eq('Updated Automation User');\n});",
              "err": {},
              "uuid": "92d5c9c4-aa38-4c5b-a498-c3bb644ec735",
              "parentUUID": "9eeadcdf-b12a-43c3-a519-f493d6e26b53",
              "isHook": false,
              "skipped": false
            },
            {
              "title": "Delete user",
              "fullTitle": "GoRest API Testing using Cypress Delete user",
              "timedOut": null,
              "duration": 228,
              "state": "passed",
              "speed": "fast",
              "pass": true,
              "fail": false,
              "pending": false,
              "context": null,
              "code": "_apiData.default.deleteUser(userId).then(res => {\n  expect(res.status).to.eq(204);\n});",
              "err": {},
              "uuid": "3250e34b-e1e5-4b3a-9d1f-34b08644459f",
              "parentUUID": "9eeadcdf-b12a-43c3-a519-f493d6e26b53",
              "isHook": false,
              "skipped": false
            }
          ],
          "suites": [],
          "passes": [
            "71338e06-8930-4ee6-b71b-d4c6bf749d6f",
            "7d5a3230-95f7-47a6-a185-315c53236a68",
            "92d5c9c4-aa38-4c5b-a498-c3bb644ec735",
            "3250e34b-e1e5-4b3a-9d1f-34b08644459f"
          ],
          "failures": [],
          "pending": [],
          "skipped": [],
          "duration": 1239,
          "root": false,
          "rootEmpty": false,
          "_timeout": 2000
        }
      ],
      "passes": [],
      "failures": [],
      "pending": [],
      "skipped": [],
      "duration": 0,
      "root": true,
      "rootEmpty": true,
      "_timeout": 2000
    }
  ],
  "meta": {
    "mocha": {
      "version": "7.2.0"
    },
    "mochawesome": {
      "options": {
        "quiet": false,
        "reportFilename": "mochawesome",
        "saveHtml": false,
        "saveJson": true,
        "consoleReporter": "spec",
        "useInlineDiffs": false,
        "code": true
      },
      "version": "7.1.4"
    },
    "marge": {
      "options": {
        "reportDir": "cypress/reports/mochawesome-report",
        "overwrite": false,
        "html": false,
        "json": true
      },
      "version": "6.3.2"
    }
  }
}